mode: set
github.com/thanhphuchuynh/http/plugins/request_logger.go:27.70,28.16 1 1
github.com/thanhphuchuynh/http/plugins/request_logger.go:28.16,30.3 1 1
github.com/thanhphuchuynh/http/plugins/request_logger.go:31.2,31.19 1 1
github.com/thanhphuchuynh/http/plugins/request_logger.go:31.19,33.3 1 1
github.com/thanhphuchuynh/http/plugins/request_logger.go:34.2,37.3 1 1
github.com/thanhphuchuynh/http/plugins/request_logger.go:40.60,43.2 2 1
github.com/thanhphuchuynh/http/plugins/request_logger.go:45.78,51.2 5 1
github.com/thanhphuchuynh/http/plugins/request_logger.go:53.64,58.2 4 1
github.com/thanhphuchuynh/http/plugins/request_logger.go:60.60,63.18 3 1
github.com/thanhphuchuynh/http/plugins/request_logger.go:63.18,65.3 1 1
github.com/thanhphuchuynh/http/plugins/request_logger.go:66.2,67.9 2 1
github.com/thanhphuchuynh/http/plugins/request_logger.go:67.9,69.3 1 1
github.com/thanhphuchuynh/http/plugins/request_logger.go:70.2,70.27 1 1
github.com/thanhphuchuynh/http/backoff.go:19.13,21.2 1 1
github.com/thanhphuchuynh/http/backoff.go:24.87,26.31 1 1
github.com/thanhphuchuynh/http/backoff.go:26.31,28.3 1 1
github.com/thanhphuchuynh/http/backoff.go:30.2,33.3 1 1
github.com/thanhphuchuynh/http/backoff.go:37.58,39.2 1 1
github.com/thanhphuchuynh/http/backoff.go:49.139,51.31 1 1
github.com/thanhphuchuynh/http/backoff.go:51.31,53.3 1 1
github.com/thanhphuchuynh/http/backoff.go:55.2,60.3 1 1
github.com/thanhphuchuynh/http/backoff.go:64.61,65.15 1 1
github.com/thanhphuchuynh/http/backoff.go:65.15,67.3 1 1
github.com/thanhphuchuynh/http/backoff.go:68.2,68.178 1 1
github.com/thanhphuchuynh/http/retry.go:15.62,17.2 1 1
github.com/thanhphuchuynh/http/retry.go:24.44,28.2 1 1
github.com/thanhphuchuynh/http/retry.go:31.48,33.2 1 1
github.com/thanhphuchuynh/http/retry.go:36.57,38.2 1 1
github.com/thanhphuchuynh/http/retry.go:44.31,46.2 1 1
github.com/thanhphuchuynh/http/retry.go:49.59,51.2 1 1
github.com/thanhphuchuynh/http/utils.go:10.47,12.16 2 1
github.com/thanhphuchuynh/http/utils.go:12.16,14.3 1 1
github.com/thanhphuchuynh/http/utils.go:15.2,15.30 1 1
github.com/thanhphuchuynh/http/utils.go:18.48,20.2 1 1
github.com/thanhphuchuynh/http/httpclient/client.go:32.40,39.27 2 1
github.com/thanhphuchuynh/http/httpclient/client.go:39.27,41.3 1 1
github.com/thanhphuchuynh/http/httpclient/client.go:43.2,43.26 1 1
github.com/thanhphuchuynh/http/httpclient/client.go:43.26,47.3 1 1
github.com/thanhphuchuynh/http/httpclient/client.go:49.2,49.16 1 1
github.com/thanhphuchuynh/http/httpclient/client.go:57.51,59.42 2 1
github.com/thanhphuchuynh/http/httpclient/client.go:59.42,61.3 1 1
github.com/thanhphuchuynh/http/httpclient/client.go:62.2,62.40 1 1
github.com/thanhphuchuynh/http/httpclient/client.go:62.40,64.3 1 1
github.com/thanhphuchuynh/http/httpclient/client.go:65.2,65.10 1 1
github.com/thanhphuchuynh/http/httpclient/client.go:69.45,71.2 1 1
github.com/thanhphuchuynh/http/httpclient/client.go:74.79,77.16 3 1
github.com/thanhphuchuynh/http/httpclient/client.go:77.16,79.3 1 1
github.com/thanhphuchuynh/http/httpclient/client.go:81.2,83.22 2 1
github.com/thanhphuchuynh/http/httpclient/client.go:87.96,90.16 3 1
github.com/thanhphuchuynh/http/httpclient/client.go:90.16,92.3 1 1
github.com/thanhphuchuynh/http/httpclient/client.go:94.2,96.22 2 1
github.com/thanhphuchuynh/http/httpclient/client.go:100.95,103.16 3 1
github.com/thanhphuchuynh/http/httpclient/client.go:103.16,105.3 1 1
github.com/thanhphuchuynh/http/httpclient/client.go:107.2,109.22 2 1
github.com/thanhphuchuynh/http/httpclient/client.go:113.97,116.16 3 1
github.com/thanhphuchuynh/http/httpclient/client.go:116.16,118.3 1 1
github.com/thanhphuchuynh/http/httpclient/client.go:120.2,122.22 2 1
github.com/thanhphuchuynh/http/httpclient/client.go:126.82,129.16 3 1
github.com/thanhphuchuynh/http/httpclient/client.go:129.16,131.3 1 1
github.com/thanhphuchuynh/http/httpclient/client.go:133.2,135.22 2 1
github.com/thanhphuchuynh/http/httpclient/client.go:139.68,144.25 3 1
github.com/thanhphuchuynh/http/httpclient/client.go:144.25,146.17 2 1
github.com/thanhphuchuynh/http/httpclient/client.go:146.17,148.4 1 1
github.com/thanhphuchuynh/http/httpclient/client.go:149.3,150.42 2 1
github.com/thanhphuchuynh/http/httpclient/client.go:153.2,156.37 3 1
github.com/thanhphuchuynh/http/httpclient/client.go:156.37,157.22 1 1
github.com/thanhphuchuynh/http/httpclient/client.go:157.22,159.4 1 1
github.com/thanhphuchuynh/http/httpclient/client.go:161.3,164.24 4 1
github.com/thanhphuchuynh/http/httpclient/client.go:164.24,168.4 1 1
github.com/thanhphuchuynh/http/httpclient/client.go:170.3,170.17 1 1
github.com/thanhphuchuynh/http/httpclient/client.go:170.17,175.12 5 1
github.com/thanhphuchuynh/http/httpclient/client.go:177.3,179.60 2 1
github.com/thanhphuchuynh/http/httpclient/client.go:179.60,182.12 3 1
github.com/thanhphuchuynh/http/httpclient/client.go:185.3,186.8 2 1
github.com/thanhphuchuynh/http/httpclient/client.go:189.2,189.38 1 1
github.com/thanhphuchuynh/http/httpclient/client.go:192.60,193.35 1 1
github.com/thanhphuchuynh/http/httpclient/client.go:193.35,195.3 1 1
github.com/thanhphuchuynh/http/httpclient/client.go:198.64,199.35 1 1
github.com/thanhphuchuynh/http/httpclient/client.go:199.35,201.3 1 1
github.com/thanhphuchuynh/http/httpclient/client.go:204.83,205.35 1 1
github.com/thanhphuchuynh/http/httpclient/client.go:205.35,207.3 1 1
github.com/thanhphuchuynh/http/httpclient/options.go:13.52,14.25 1 1
github.com/thanhphuchuynh/http/httpclient/options.go:14.25,16.3 1 1
github.com/thanhphuchuynh/http/httpclient/options.go:20.44,21.25 1 1
github.com/thanhphuchuynh/http/httpclient/options.go:21.25,23.3 1 1
github.com/thanhphuchuynh/http/httpclient/options.go:27.51,28.25 1 1
github.com/thanhphuchuynh/http/httpclient/options.go:28.25,30.3 1 1
github.com/thanhphuchuynh/http/httpclient/options.go:34.48,35.25 1 1
github.com/thanhphuchuynh/http/httpclient/options.go:35.25,37.3 1 1
github.com/thanhphuchuynh/http/httpclient/plugin_mock.go:15.56,17.2 1 1
github.com/thanhphuchuynh/http/httpclient/plugin_mock.go:20.74,22.2 1 1
github.com/thanhphuchuynh/http/httpclient/plugin_mock.go:25.60,27.2 1 1
github.com/thanhphuchuynh/http/hystrix/hystrix_client.go:60.51,62.42 2 1
github.com/thanhphuchuynh/http/hystrix/hystrix_client.go:62.42,64.3 1 1
github.com/thanhphuchuynh/http/hystrix/hystrix_client.go:65.2,65.40 1 1
github.com/thanhphuchuynh/http/hystrix/hystrix_client.go:65.40,67.3 1 1
github.com/thanhphuchuynh/http/hystrix/hystrix_client.go:68.2,68.10 1 1
github.com/thanhphuchuynh/http/hystrix/hystrix_client.go:72.40,85.27 2 1
github.com/thanhphuchuynh/http/hystrix/hystrix_client.go:85.27,87.3 1 1
github.com/thanhphuchuynh/http/hystrix/hystrix_client.go:89.2,89.26 1 1
github.com/thanhphuchuynh/http/hystrix/hystrix_client.go:89.26,91.17 2 1
github.com/thanhphuchuynh/http/hystrix/hystrix_client.go:91.17,92.14 1 1
github.com/thanhphuchuynh/http/hystrix/hystrix_client.go:95.3,95.58 1 1
github.com/thanhphuchuynh/http/hystrix/hystrix_client.go:98.2,106.16 2 1
github.com/thanhphuchuynh/http/hystrix/hystrix_client.go:109.54,112.46 2 1
github.com/thanhphuchuynh/http/hystrix/hystrix_client.go:112.46,114.3 1 1
github.com/thanhphuchuynh/http/hystrix/hystrix_client.go:115.2,115.30 1 1
github.com/thanhphuchuynh/http/hystrix/hystrix_client.go:119.81,122.16 3 1
github.com/thanhphuchuynh/http/hystrix/hystrix_client.go:122.16,124.3 1 1
github.com/thanhphuchuynh/http/hystrix/hystrix_client.go:126.2,128.24 2 1
github.com/thanhphuchuynh/http/hystrix/hystrix_client.go:132.98,135.16 3 1
github.com/thanhphuchuynh/http/hystrix/hystrix_client.go:135.16,137.3 1 1
github.com/thanhphuchuynh/http/hystrix/hystrix_client.go:139.2,141.24 2 1
github.com/thanhphuchuynh/http/hystrix/hystrix_client.go:145.97,148.16 3 1
github.com/thanhphuchuynh/http/hystrix/hystrix_client.go:148.16,150.3 1 1
github.com/thanhphuchuynh/http/hystrix/hystrix_client.go:152.2,154.24 2 1
github.com/thanhphuchuynh/http/hystrix/hystrix_client.go:158.99,161.16 3 1
github.com/thanhphuchuynh/http/hystrix/hystrix_client.go:161.16,163.3 1 1
github.com/thanhphuchuynh/http/hystrix/hystrix_client.go:165.2,167.24 2 1
github.com/thanhphuchuynh/http/hystrix/hystrix_client.go:171.84,174.16 3 1
github.com/thanhphuchuynh/http/hystrix/hystrix_client.go:174.16,176.3 1 1
github.com/thanhphuchuynh/http/hystrix/hystrix_client.go:178.2,180.24 2 1
github.com/thanhphuchuynh/http/hystrix/hystrix_client.go:184.70,190.25 4 1
github.com/thanhphuchuynh/http/hystrix/hystrix_client.go:190.25,192.17 2 1
github.com/thanhphuchuynh/http/hystrix/hystrix_client.go:192.17,194.4 1 1
github.com/thanhphuchuynh/http/hystrix/hystrix_client.go:195.3,196.42 2 1
github.com/thanhphuchuynh/http/hystrix/hystrix_client.go:199.2,199.39 1 1
github.com/thanhphuchuynh/http/hystrix/hystrix_client.go:199.39,200.22 1 1
github.com/thanhphuchuynh/http/hystrix/hystrix_client.go:200.22,202.4 1 1
github.com/thanhphuchuynh/http/hystrix/hystrix_client.go:204.3,204.57 1 1
github.com/thanhphuchuynh/http/hystrix/hystrix_client.go:204.57,206.25 2 1
github.com/thanhphuchuynh/http/hystrix/hystrix_client.go:206.25,210.5 1 1
github.com/thanhphuchuynh/http/hystrix/hystrix_client.go:212.4,212.18 1 1
github.com/thanhphuchuynh/http/hystrix/hystrix_client.go:212.18,214.5 1 1
github.com/thanhphuchuynh/http/hystrix/hystrix_client.go:216.4,216.61 1 1
github.com/thanhphuchuynh/http/hystrix/hystrix_client.go:216.61,218.5 1 1
github.com/thanhphuchuynh/http/hystrix/hystrix_client.go:219.4,219.14 1 1
github.com/thanhphuchuynh/http/hystrix/hystrix_client.go:222.3,222.17 1 1
github.com/thanhphuchuynh/http/hystrix/hystrix_client.go:222.17,225.12 3 1
github.com/thanhphuchuynh/http/hystrix/hystrix_client.go:228.3,228.8 1 1
github.com/thanhphuchuynh/http/hystrix/hystrix_client.go:231.2,231.19 1 1
github.com/thanhphuchuynh/http/hystrix/hystrix_client.go:231.19,233.3 1 1
github.com/thanhphuchuynh/http/hystrix/hystrix_client.go:235.2,235.22 1 1
github.com/thanhphuchuynh/http/hystrix/hystrix_client.go:239.47,241.2 1 1
github.com/thanhphuchuynh/http/hystrix/options.go:15.42,16.25 1 1
github.com/thanhphuchuynh/http/hystrix/options.go:16.25,18.3 1 1
github.com/thanhphuchuynh/http/hystrix/options.go:22.52,23.25 1 1
github.com/thanhphuchuynh/http/hystrix/options.go:23.25,25.3 1 1
github.com/thanhphuchuynh/http/hystrix/options.go:29.55,30.25 1 1
github.com/thanhphuchuynh/http/hystrix/options.go:30.25,32.3 1 1
github.com/thanhphuchuynh/http/hystrix/options.go:36.66,37.25 1 1
github.com/thanhphuchuynh/http/hystrix/options.go:37.25,39.3 1 1
github.com/thanhphuchuynh/http/hystrix/options.go:43.68,44.25 1 1
github.com/thanhphuchuynh/http/hystrix/options.go:44.25,46.3 1 1
github.com/thanhphuchuynh/http/hystrix/options.go:50.46,51.25 1 1
github.com/thanhphuchuynh/http/hystrix/options.go:51.25,53.3 1 1
github.com/thanhphuchuynh/http/hystrix/options.go:57.66,58.25 1 1
github.com/thanhphuchuynh/http/hystrix/options.go:58.25,60.3 1 1
github.com/thanhphuchuynh/http/hystrix/options.go:64.47,65.25 1 1
github.com/thanhphuchuynh/http/hystrix/options.go:65.25,67.3 1 1
github.com/thanhphuchuynh/http/hystrix/options.go:71.44,72.25 1 1
github.com/thanhphuchuynh/http/hystrix/options.go:72.25,74.3 1 1
github.com/thanhphuchuynh/http/hystrix/options.go:78.51,79.25 1 1
github.com/thanhphuchuynh/http/hystrix/options.go:79.25,81.3 1 1
github.com/thanhphuchuynh/http/hystrix/options.go:85.48,86.25 1 1
github.com/thanhphuchuynh/http/hystrix/options.go:86.25,89.3 2 1
github.com/thanhphuchuynh/http/hystrix/options.go:93.54,94.25 1 1
github.com/thanhphuchuynh/http/hystrix/options.go:94.25,96.3 1 1
